<?xml version="1.0" encoding="UTF-8"?>
<!-- Generated by org.testng.reporters.JUnitXMLReporter -->
<testsuite ignored="0" hostname="Akshay" failures="1" tests="2" name="Test" time="10.2" errors="0" timestamp="2022-10-18T23:22:26 IST">
  <testcase classname="test.BataLoginPageTest" name="Browser" time="10.077"/>
  <testcase classname="test.BataLoginPageTest" name="validateBataLoginPageTest" time="0.069">
    <failure type="java.lang.IllegalArgumentException" message="Keys to send should be a not null CharSequence">
      <![CDATA[java.lang.IllegalArgumentException: Keys to send should be a not null CharSequence
at org.openqa.selenium.remote.RemoteWebElement.sendKeys(RemoteWebElement.java:94)
at org.openqa.selenium.support.pagefactory.internal.LocatingElementHandler.invoke(LocatingElementHandler.java:52)
at jdk.proxy2/jdk.proxy2.$Proxy14.sendKeys(Unknown Source)
at pom.BataLoginPage.enterEmailId(BataLoginPage.java:19)
at test.BataLoginPageTest.validateBataLoginPageTest(BataLoginPageTest.java:25)
at java.base/java.util.ArrayList.forEach(ArrayList.java:1511)
... Removed 27 stack frames]]>
    </failure>
  </testcase> <!-- validateBataLoginPageTest -->
</testsuite> <!-- Test -->
